<?xml version="1.0" encoding="UTF-8"?>
<testng-results skipped="0" failed="0" ignored="0" total="1" passed="1">
  <reporter-output>
  </reporter-output>
  <suite name="Default suite" duration-ms="20554" started-at="2018-03-26T06:43:03Z" finished-at="2018-03-26T06:43:23Z">
    <groups>
    </groups>
    <test name="Default test" duration-ms="20554" started-at="2018-03-26T06:43:03Z" finished-at="2018-03-26T06:43:23Z">
      <class name="CaptureNetworkTraffic">
        <test-method status="PASS" signature="setUp()[pri:0, instance:CaptureNetworkTraffic@612fc6eb]" name="setUp" is-config="true" duration-ms="16685" started-at="2018-03-26T06:43:03Z" finished-at="2018-03-26T06:43:19Z">
          <reporter-output>
          </reporter-output>
        </test-method> <!-- setUp -->
        <test-method status="PASS" signature="testCaseOne()[pri:0, instance:CaptureNetworkTraffic@612fc6eb]" name="testCaseOne" duration-ms="3449" started-at="2018-03-26T06:43:19Z" finished-at="2018-03-26T06:43:23Z">
          <reporter-output>
          </reporter-output>
        </test-method> <!-- testCaseOne -->
        <test-method status="PASS" signature="tearDown()[pri:0, instance:CaptureNetworkTraffic@612fc6eb]" name="tearDown" is-config="true" duration-ms="381" started-at="2018-03-26T06:43:23Z" finished-at="2018-03-26T06:43:23Z">
          <reporter-output>
          </reporter-output>
        </test-method> <!-- tearDown -->
      </class> <!-- CaptureNetworkTraffic -->
    </test> <!-- Default test -->
  </suite> <!-- Default suite -->
</testng-results>
